#
# There is insufficient memory for the Java Runtime Environment to continue.
# Native memory allocation (malloc) failed to allocate 1396976 bytes for Chunk::new
# Possible reasons:
#   The system is out of physical RAM or swap space
#   The process is running with CompressedOops enabled, and the Java Heap may be blocking the growth of the native heap
# Possible solutions:
#   Reduce memory load on the system
#   Increase physical memory or swap space
#   Check if swap backing store is full
#   Decrease Java heap size (-Xmx/-Xms)
#   Decrease number of Java threads
#   Decrease Java thread stack sizes (-Xss)
#   Set larger code cache with -XX:ReservedCodeCacheSize=
#   JVM is running with Unscaled Compressed Oops mode in which the Java heap is
#     placed in the first 4GB address space. The Java Heap base address is the
#     maximum limit for the native heap growth. Please use -XX:HeapBaseMinAddress
#     to set the Java Heap base and to place the Java Heap above 4GB virtual address.
# This output file may be truncated or incomplete.
#
#  Out of Memory Error (allocation.cpp:389), pid=13208, tid=0x0000000000004200
#
# JRE version: OpenJDK Runtime Environment (8.0_202-b03) (build 1.8.0_202-release-1483-b03)
# Java VM: OpenJDK 64-Bit Server VM (25.202-b03 mixed mode windows-amd64 compressed oops)
# Failed to write core dump. Minidumps are not enabled by default on client versions of Windows
#

---------------  T H R E A D  ---------------

Current thread (0x0000000016a50000):  JavaThread "C2 CompilerThread0" daemon [_thread_in_native, id=16896, stack(0x00000000180a0000,0x00000000181a0000)]

Stack: [0x00000000180a0000,0x00000000181a0000]
[error occurred during error reporting (printing stack bounds), id 0xc0000005]

Native frames: (J=compiled Java code, j=interpreted, Vv=VM code, C=native code)


Current CompileTask:
C2:2520452 26335       4       com.android.tools.r8.ir.conversion.N::traceInstruction (259 bytes)


---------------  P R O C E S S  ---------------

Java Threads: ( => current thread )
  0x00000000207a0800 JavaThread "Cache worker for Java compile cache (C:\Users\Christian Tsoungui\AndroidStudioProjects\HW9\.gradle\5.4.1\javaCompile)" [_thread_blocked, id=19460, stack(0x000000002e3b0000,0x000000002e4b0000)]
  0x0000000020799000 JavaThread "Cache worker for Java compile cache (C:\Users\Christian Tsoungui\.gradle\wrapper\dists\gradle-5.6.2\caches\5.4.1\javaCompile)" [_thread_blocked, id=16640, stack(0x000000002e2b0000,0x000000002e3b0000)]
  0x000000002079e800 JavaThread "WorkerExecutor Queue Thread 5" [_thread_blocked, id=8788, stack(0x000000002e1b0000,0x000000002e2b0000)]
  0x000000002079d000 JavaThread "stdout" [_thread_in_native, id=28584, stack(0x000000002e0b0000,0x000000002e1b0000)]
  0x000000002079c000 JavaThread "stderr" [_thread_in_native, id=15084, stack(0x000000002dfb0000,0x000000002e0b0000)]
  0x000000002079b800 JavaThread "stdout" [_thread_in_native, id=24908, stack(0x000000002deb0000,0x000000002dfb0000)]
  0x000000002079a800 JavaThread "stderr" [_thread_in_native, id=15628, stack(0x000000002ddb0000,0x000000002deb0000)]
  0x0000000020798000 JavaThread "stdout" [_thread_in_native, id=8080, stack(0x000000002dcb0000,0x000000002ddb0000)]
  0x000000002136a000 JavaThread "stderr" [_thread_in_native, id=15692, stack(0x000000002dbb0000,0x000000002dcb0000)]
  0x0000000021369000 JavaThread "stdout" [_thread_in_native, id=7576, stack(0x000000002dab0000,0x000000002dbb0000)]
  0x0000000021368800 JavaThread "stderr" [_thread_in_native, id=19292, stack(0x000000002d9b0000,0x000000002dab0000)]
  0x0000000021367800 JavaThread "pool-12-thread-1" [_thread_blocked, id=11344, stack(0x000000002d8b0000,0x000000002d9b0000)]
  0x0000000021366000 JavaThread "MarlinRenderer Disposer" daemon [_thread_blocked, id=18808, stack(0x000000002d7b0000,0x000000002d8b0000)]
  0x0000000021365800 JavaThread "Java2D Disposer" daemon [_thread_blocked, id=4564, stack(0x000000002d6b0000,0x000000002d7b0000)]
  0x0000000021364800 JavaThread "WorkerExecutor Queue Thread 4" [_thread_blocked, id=21536, stack(0x000000002d3b0000,0x000000002d4b0000)]
  0x000000002136a800 JavaThread "WorkerExecutor Queue Thread 2" [_thread_blocked, id=11020, stack(0x000000002d1b0000,0x000000002d2b0000)]
  0x000000002135c800 JavaThread "WorkerExecutor Queue" [_thread_blocked, id=24824, stack(0x000000002cfb0000,0x000000002d0b0000)]
  0x0000000021361800 JavaThread "Cache worker for execution history cache (C:\Users\Christian Tsoungui\AndroidStudioProjects\HW9\.gradle\5.4.1\executionHistory)" [_thread_blocked, id=17820, stack(0x000000002ceb0000,0x000000002cfb0000)]
  0x0000000021361000 JavaThread "Execution worker for ':' Thread 3" [_thread_in_Java, id=16092, stack(0x000000002cdb0000,0x000000002ceb0000)]
  0x0000000021360000 JavaThread "Execution worker for ':' Thread 2" [_thread_in_Java, id=27408, stack(0x000000002ccb0000,0x000000002cdb0000)]
  0x000000002135f800 JavaThread "Execution worker for ':'" [_thread_in_native, id=19612, stack(0x000000002cbb0000,0x000000002ccb0000)]
  0x00000000186f1800 JavaThread "Cache worker for file content cache (C:\Users\Christian Tsoungui\AndroidStudioProjects\HW9\.gradle\5.4.1\fileContent)" [_thread_blocked, id=18316, stack(0x000000002cab0000,0x000000002cbb0000)]
  0x000000001d185800 JavaThread "Cache worker for file content cache (C:\Users\Christian Tsoungui\.gradle\wrapper\dists\gradle-5.6.2\caches\5.4.1\fileContent)" [_thread_blocked, id=17392, stack(0x000000002c9b0000,0x000000002cab0000)]
  0x000000001d184800 JavaThread "Cache worker for Build Output Cleanup Cache (C:\Users\Christian Tsoungui\AndroidStudioProjects\HW9\.gradle\buildOutputCleanup)" [_thread_blocked, id=27796, stack(0x000000002c8b0000,0x000000002c9b0000)]
  0x000000001d184000 JavaThread "Build operations Thread 4" [_thread_blocked, id=25612, stack(0x000000002c7b0000,0x000000002c8b0000)]
  0x000000001d17f800 JavaThread "Build operations Thread 3" [_thread_blocked, id=15416, stack(0x000000002c6b0000,0x000000002c7b0000)]
  0x000000001d183000 JavaThread "Build operations Thread 2" [_thread_blocked, id=21708, stack(0x000000002c5b0000,0x000000002c6b0000)]
  0x000000001d182800 JavaThread "Build operations" [_thread_blocked, id=27200, stack(0x000000002c4b0000,0x000000002c5b0000)]
  0x000000001d181000 JavaThread "Cache worker for cache directory md-rule (C:\Users\Christian Tsoungui\.gradle\wrapper\dists\gradle-5.6.2\caches\5.4.1\md-rule)" [_thread_blocked, id=20584, stack(0x000000002c3b0000,0x000000002c4b0000)]
  0x000000001d17d800 JavaThread "Cache worker for cache directory md-supplier (C:\Users\Christian Tsoungui\.gradle\wrapper\dists\gradle-5.6.2\caches\5.4.1\md-supplier)" [_thread_blocked, id=11328, stack(0x000000002c2b0000,0x000000002c3b0000)]
  0x000000001d176000 JavaThread "Cache worker for file hash cache (C:\Users\Christian Tsoungui\AndroidStudioProjects\HW9\.gradle\5.4.1\fileHashes)" [_thread_blocked, id=24028, stack(0x000000002c1b0000,0x000000002c2b0000)]
  0x000000001d17d000 JavaThread "Thread-105" [_thread_blocked, id=26708, stack(0x000000002c0b0000,0x000000002c1b0000)]
  0x00000000184a6800 JavaThread "Asynchronous log dispatcher for DefaultDaemonConnection: socket connection from /127.0.0.1:57261 to /127.0.0.1:60123" [_thread_blocked, id=1852, stack(0x000000002beb0000,0x000000002bfb0000)]
  0x00000000184a0800 JavaThread "Daemon worker Thread 6" [_thread_in_Java, id=2152, stack(0x000000002bdb0000,0x000000002beb0000)]
  0x00000000184a4000 JavaThread "Cancel handler" [_thread_blocked, id=24956, stack(0x000000002bcb0000,0x000000002bdb0000)]
  0x00000000184a7000 JavaThread "Handler for socket connection from /127.0.0.1:57261 to /127.0.0.1:60123" [_thread_in_native, id=23580, stack(0x000000002bbb0000,0x000000002bcb0000)]
  0x00000000184a3800 JavaThread "Daemon Thread 6" [_thread_blocked, id=8700, stack(0x000000002bab0000,0x000000002bbb0000)]
  0x000000001d17e800 JavaThread "Memory manager" [_thread_blocked, id=22512, stack(0x00000000237d0000,0x00000000238d0000)]
  0x000000001d17b800 JavaThread "Cache worker for execution history cache (C:\Users\Christian Tsoungui\.gradle\wrapper\dists\gradle-5.6.2\caches\5.4.1\executionHistory)" [_thread_blocked, id=20356, stack(0x000000001f700000,0x000000001f800000)]
  0x00000000186f5800 JavaThread "Cache worker for journal cache (C:\Users\Christian Tsoungui\.gradle\wrapper\dists\gradle-5.6.2\caches\journal-1)" [_thread_blocked, id=7256, stack(0x000000001c6c0000,0x000000001c7c0000)]
  0x00000000186f2800 JavaThread "File lock request listener" [_thread_in_native, id=24808, stack(0x000000001c4c0000,0x000000001c5c0000)]
  0x00000000186f1000 JavaThread "Cache worker for file hash cache (C:\Users\Christian Tsoungui\.gradle\wrapper\dists\gradle-5.6.2\caches\5.4.1\fileHashes)" [_thread_blocked, id=17052, stack(0x000000001c3c0000,0x000000001c4c0000)]
  0x0000000019a39000 JavaThread "Daemon periodic checks" [_thread_blocked, id=20516, stack(0x000000001a9f0000,0x000000001aaf0000)]
  0x0000000019a47000 JavaThread "Incoming local TCP Connector on port 57261" [_thread_in_native, id=9092, stack(0x000000001a7b0000,0x000000001a8b0000)]
  0x000000001990b800 JavaThread "Daemon health stats" [_thread_blocked, id=24840, stack(0x000000001a170000,0x000000001a270000)]
  0x00000000183c9800 JavaThread "Service Thread" daemon [_thread_blocked, id=19816, stack(0x00000000187a0000,0x00000000188a0000)]
  0x0000000016a5b000 JavaThread "C1 CompilerThread2" daemon [_thread_blocked, id=28600, stack(0x00000000182a0000,0x00000000183a0000)]
  0x0000000016a56000 JavaThread "C2 CompilerThread1" daemon [_thread_in_native, id=16864, stack(0x00000000181a0000,0x00000000182a0000)]
=>0x0000000016a50000 JavaThread "C2 CompilerThread0" daemon [_thread_in_native, id=16896, stack(0x00000000180a0000,0x00000000181a0000)]
  0x0000000016a4b000 JavaThread "Attach Listener" daemon [_thread_blocked, id=20076, stack(0x0000000017fa0000,0x00000000180a0000)]
  0x0000000016a49800 JavaThread "Signal Dispatcher" daemon [_thread_blocked, id=14052, stack(0x0000000017ea0000,0x0000000017fa0000)]
  0x00000000030dc000 JavaThread "Finalizer" daemon [_thread_blocked, id=28604, stack(0x0000000017cb0000,0x0000000017db0000)]
  0x00000000030d1000 JavaThread "Reference Handler" daemon [_thread_blocked, id=26820, stack(0x0000000017bb0000,0x0000000017cb0000)]
  0x0000000002fe2800 JavaThread "main" [_thread_blocked, id=7664, stack(0x0000000002e20000,0x0000000002f20000)]

Other Threads:
  0x0000000016a16800 VMThread [stack: 0x0000000017ab0000,0x0000000017bb0000] [id=2856]
  0x00000000183ca000 WatcherThread [stack: 0x00000000188a0000,0x00000000189a0000] [id=18836]

VM state:not at safepoint (normal execution)

VM Mutex/Monitor currently owned by a thread: None

heap address: 0x00000000a0000000, size: 1536 MB, Compressed Oops mode: 32-bit
Narrow klass base: 0x0000000000000000, Narrow klass shift: 3
Compressed class space size: 1073741824 Address: 0x0000000100000000

Heap:
 PSYoungGen      total 480768K, used 47671K [0x00000000e0000000, 0x00000000ffb00000, 0x0000000100000000)
  eden space 442368K, 7% used [0x00000000e0000000,0x00000000e208f438,0x00000000fb000000)
  from space 38400K, 37% used [0x00000000fb000000,0x00000000fbdfead8,0x00000000fd580000)
  to   space 34816K, 0% used [0x00000000fd900000,0x00000000fd900000,0x00000000ffb00000)
 ParOldGen       total 194560K, used 136856K [0x00000000a0000000, 0x00000000abe00000, 0x00000000e0000000)
  object space 194560K, 70% used [0x00000000a0000000,0x00000000a85a6328,0x00000000abe00000)
 Metaspace       used 123068K, capacity 129498K, committed 129704K, reserved 1163264K
  class space    used 15365K, capacity 16545K, committed 16552K, reserved 1048576K

Card table byte_map: [0x00000000124a0000,0x00000000127b0000] byte_map_base: 0x0000000011fa0000

Marking Bits: (ParMarkBitMap*) 0x000000005dc69f30
 Begin Bits: [0x0000000012db0000, 0x00000000145b0000)
 End Bits:   [0x00000000145b0000, 0x0000000015db0000)

Polling page: 0x0000000001040000

CodeCache: size=245760Kb used=77056Kb max_used=78340Kb free=168703Kb
 bounds [0x00000000030e0000, 0x0000000007e20000, 0x00000000120e0000]
 total_blobs=21698 nmethods=20680 adapters=929
 compilation: enabled

Compilation events (10 events):
Event: 2520.044 Thread 0x0000000016a5b000 26404       2       com.android.tools.r8.ArchiveClassFileProvider::close (8 bytes)
Event: 2520.052 Thread 0x0000000016a5b000 nmethod 26404 0x0000000006bcfc10 code [0x0000000006bcfd80, 0x0000000006bcff08]
Event: 2520.053 Thread 0x0000000016a5b000 26405       2       com.android.tools.r8.ir.code.j::a (18 bytes)
Event: 2520.053 Thread 0x0000000016a5b000 nmethod 26405 0x0000000006bcf810 code [0x0000000006bcf980, 0x0000000006bcfb08]
Event: 2520.091 Thread 0x0000000016a5b000 26406   !   2       com.android.tools.r8.utils.ThreadUtils::a (115 bytes)
Event: 2520.092 Thread 0x0000000016a5b000 nmethod 26406 0x000000000658c490 code [0x000000000658c6c0, 0x000000000658cd28]
Event: 2520.093 Thread 0x0000000016a5b000 26407       2       java.util.concurrent.ConcurrentHashMap::isEmpty (15 bytes)
Event: 2520.093 Thread 0x0000000016a5b000 nmethod 26407 0x000000000658c110 code [0x000000000658c280, 0x000000000658c408]
Event: 2520.114 Thread 0x0000000016a5b000 26408       2       com.android.tools.r8.ir.code.Monitor::I1 (16 bytes)
Event: 2520.114 Thread 0x0000000016a5b000 nmethod 26408 0x000000000658bdd0 code [0x000000000658bf20, 0x000000000658c090]

GC Heap History (10 events):
Event: 2505.968 GC heap before
{Heap before GC invocations=35 (full 4):
 PSYoungGen      total 401408K, used 401403K [0x00000000e0000000, 0x00000000fd080000, 0x0000000100000000)
  eden space 363520K, 100% used [0x00000000e0000000,0x00000000f6300000,0x00000000f6300000)
  from space 37888K, 99% used [0x00000000f8e00000,0x00000000fb2fed60,0x00000000fb300000)
  to   space 44032K, 0% used [0x00000000f6300000,0x00000000f6300000,0x00000000f8e00000)
 ParOldGen       total 194560K, used 92676K [0x00000000a0000000, 0x00000000abe00000, 0x00000000e0000000)
  object space 194560K, 47% used [0x00000000a0000000,0x00000000a5a81170,0x00000000abe00000)
 Metaspace       used 122624K, capacity 129100K, committed 129192K, reserved 1161216K
  class space    used 15360K, capacity 16540K, committed 16552K, reserved 1048576K
Event: 2506.221 GC heap after
Heap after GC invocations=35 (full 4):
 PSYoungGen      total 407552K, used 13771K [0x00000000e0000000, 0x00000000ffb00000, 0x0000000100000000)
  eden space 363520K, 0% used [0x00000000e0000000,0x00000000e0000000,0x00000000f6300000)
  from space 44032K, 31% used [0x00000000f6300000,0x00000000f7072ce0,0x00000000f8e00000)
  to   space 42496K, 0% used [0x00000000fd180000,0x00000000fd180000,0x00000000ffb00000)
 ParOldGen       total 194560K, used 112759K [0x00000000a0000000, 0x00000000abe00000, 0x00000000e0000000)
  object space 194560K, 57% used [0x00000000a0000000,0x00000000a6e1df18,0x00000000abe00000)
 Metaspace       used 122624K, capacity 129100K, committed 129192K, reserved 1161216K
  class space    used 15360K, capacity 16540K, committed 16552K, reserved 1048576K
}
Event: 2513.349 GC heap before
{Heap before GC invocations=36 (full 4):
 PSYoungGen      total 407552K, used 377291K [0x00000000e0000000, 0x00000000ffb00000, 0x0000000100000000)
  eden space 363520K, 100% used [0x00000000e0000000,0x00000000f6300000,0x00000000f6300000)
  from space 44032K, 31% used [0x00000000f6300000,0x00000000f7072ce0,0x00000000f8e00000)
  to   space 42496K, 0% used [0x00000000fd180000,0x00000000fd180000,0x00000000ffb00000)
 ParOldGen       total 194560K, used 112759K [0x00000000a0000000, 0x00000000abe00000, 0x00000000e0000000)
  object space 194560K, 57% used [0x00000000a0000000,0x00000000a6e1df18,0x00000000abe00000)
 Metaspace       used 122778K, capacity 129196K, committed 129448K, reserved 1163264K
  class space    used 15363K, capacity 16544K, committed 16552K, reserved 1048576K
Event: 2513.390 GC heap after
Heap after GC invocations=36 (full 4):
 PSYoungGen      total 465408K, used 8256K [0x00000000e0000000, 0x00000000ff500000, 0x0000000100000000)
  eden space 429056K, 0% used [0x00000000e0000000,0x00000000e0000000,0x00000000fa300000)
  from space 36352K, 22% used [0x00000000fd180000,0x00000000fd990090,0x00000000ff500000)
  to   space 41984K, 0% used [0x00000000fa300000,0x00000000fa300000,0x00000000fcc00000)
 ParOldGen       total 194560K, used 120206K [0x00000000a0000000, 0x00000000abe00000, 0x00000000e0000000)
  object space 194560K, 61% used [0x00000000a0000000,0x00000000a7563870,0x00000000abe00000)
 Metaspace       used 122778K, capacity 129196K, committed 129448K, reserved 1163264K
  class space    used 15363K, capacity 16544K, committed 16552K, reserved 1048576K
}
Event: 2516.024 GC heap before
{Heap before GC invocations=37 (full 4):
 PSYoungGen      total 465408K, used 437312K [0x00000000e0000000, 0x00000000ff500000, 0x0000000100000000)
  eden space 429056K, 100% used [0x00000000e0000000,0x00000000fa300000,0x00000000fa300000)
  from space 36352K, 22% used [0x00000000fd180000,0x00000000fd990090,0x00000000ff500000)
  to   space 41984K, 0% used [0x00000000fa300000,0x00000000fa300000,0x00000000fcc00000)
 ParOldGen       total 194560K, used 120206K [0x00000000a0000000, 0x00000000abe00000, 0x00000000e0000000)
  object space 194560K, 61% used [0x00000000a0000000,0x00000000a7563870,0x00000000abe00000)
 Metaspace       used 122966K, capacity 129410K, committed 129448K, reserved 1163264K
  class space    used 15364K, capacity 16545K, committed 16552K, reserved 1048576K
Event: 2516.060 GC heap after
Heap after GC invocations=37 (full 4):
 PSYoungGen      total 471040K, used 12762K [0x00000000e0000000, 0x0000000100000000, 0x0000000100000000)
  eden space 429056K, 0% used [0x00000000e0000000,0x00000000e0000000,0x00000000fa300000)
  from space 41984K, 30% used [0x00000000fa300000,0x00000000faf769c0,0x00000000fcc00000)
  to   space 39936K, 0% used [0x00000000fd900000,0x00000000fd900000,0x0000000100000000)
 ParOldGen       total 194560K, used 121918K [0x00000000a0000000, 0x00000000abe00000, 0x00000000e0000000)
  object space 194560K, 62% used [0x00000000a0000000,0x00000000a770f878,0x00000000abe00000)
 Metaspace       used 122966K, capacity 129410K, committed 129448K, reserved 1163264K
  class space    used 15364K, capacity 16545K, committed 16552K, reserved 1048576K
}
Event: 2518.214 GC heap before
{Heap before GC invocations=38 (full 4):
 PSYoungGen      total 471040K, used 441818K [0x00000000e0000000, 0x0000000100000000, 0x0000000100000000)
  eden space 429056K, 100% used [0x00000000e0000000,0x00000000fa300000,0x00000000fa300000)
  from space 41984K, 30% used [0x00000000fa300000,0x00000000faf769c0,0x00000000fcc00000)
  to   space 39936K, 0% used [0x00000000fd900000,0x00000000fd900000,0x0000000100000000)
 ParOldGen       total 194560K, used 121918K [0x00000000a0000000, 0x00000000abe00000, 0x00000000e0000000)
  object space 194560K, 62% used [0x00000000a0000000,0x00000000a770f878,0x00000000abe00000)
 Metaspace       used 123030K, capacity 129426K, committed 129448K, reserved 1163264K
  class space    used 15364K, capacity 16545K, committed 16552K, reserved 1048576K
Event: 2518.263 GC heap after
Heap after GC invocations=38 (full 4):
 PSYoungGen      total 477184K, used 13830K [0x00000000e0000000, 0x00000000ffb00000, 0x0000000100000000)
  eden space 442368K, 0% used [0x00000000e0000000,0x00000000e0000000,0x00000000fb000000)
  from space 34816K, 39% used [0x00000000fd900000,0x00000000fe681b38,0x00000000ffb00000)
  to   space 38400K, 0% used [0x00000000fb000000,0x00000000fb000000,0x00000000fd580000)
 ParOldGen       total 194560K, used 129175K [0x00000000a0000000, 0x00000000abe00000, 0x00000000e0000000)
  object space 194560K, 66% used [0x00000000a0000000,0x00000000a7e25f50,0x00000000abe00000)
 Metaspace       used 123030K, capacity 129426K, committed 129448K, reserved 1163264K
  class space    used 15364K, capacity 16545K, committed 16552K, reserved 1048576K
}
Event: 2519.907 GC heap before
{Heap before GC invocations=39 (full 4):
 PSYoungGen      total 477184K, used 456198K [0x00000000e0000000, 0x00000000ffb00000, 0x0000000100000000)
  eden space 442368K, 100% used [0x00000000e0000000,0x00000000fb000000,0x00000000fb000000)
  from space 34816K, 39% used [0x00000000fd900000,0x00000000fe681b38,0x00000000ffb00000)
  to   space 38400K, 0% used [0x00000000fb000000,0x00000000fb000000,0x00000000fd580000)
 ParOldGen       total 194560K, used 129175K [0x00000000a0000000, 0x00000000abe00000, 0x00000000e0000000)
  object space 194560K, 66% used [0x00000000a0000000,0x00000000a7e25f50,0x00000000abe00000)
 Metaspace       used 123065K, capacity 129498K, committed 129704K, reserved 1163264K
  class space    used 15365K, capacity 16545K, committed 16552K, reserved 1048576K
Event: 2520.042 GC heap after
Heap after GC invocations=39 (full 4):
 PSYoungGen      total 480768K, used 14330K [0x00000000e0000000, 0x00000000ffb00000, 0x0000000100000000)
  eden space 442368K, 0% used [0x00000000e0000000,0x00000000e0000000,0x00000000fb000000)
  from space 38400K, 37% used [0x00000000fb000000,0x00000000fbdfead8,0x00000000fd580000)
  to   space 34816K, 0% used [0x00000000fd900000,0x00000000fd900000,0x00000000ffb00000)
 ParOldGen       total 194560K, used 136856K [0x00000000a0000000, 0x00000000abe00000, 0x00000000e0000000)
  object space 194560K, 70% used [0x00000000a0000000,0x00000000a85a6328,0x00000000abe00000)
 Metaspace       used 123065K, capacity 129498K, committed 129704K, reserved 1163264K
  class space    used 15365K, capacity 16545K, committed 16552K, reserved 1048576K
}

Deoptimization events (10 events):
Event: 2515.094 Thread 0x00000000184a0800 Uncommon trap: reason=unstable_if action=reinterpret pc=0x00000000058083e0 method=com.android.tools.build.jetifier.core.TypeRewriter.rewriteType(Lcom/android/tools/build/jetifier/core/type/JavaType;)Lcom/android/tools/build/jetifier/core/type/JavaType; @ 
Event: 2515.677 Thread 0x000000002135f800 Uncommon trap: reason=class_check action=maybe_recompile pc=0x0000000005ed2230 method=com.google.common.cache.LocalCache$Segment.get(Ljava/lang/Object;ILcom/google/common/cache/CacheLoader;)Ljava/lang/Object; @ 99
Event: 2515.677 Thread 0x0000000021361000 Uncommon trap: reason=class_check action=maybe_recompile pc=0x0000000005ed2230 method=com.google.common.cache.LocalCache$Segment.get(Ljava/lang/Object;ILcom/google/common/cache/CacheLoader;)Ljava/lang/Object; @ 99
Event: 2515.734 Thread 0x0000000021360000 Uncommon trap: reason=unstable_if action=reinterpret pc=0x00000000036942d4 method=org.objectweb.asm.ByteVector.putUTF8(Ljava/lang/String;)Lorg/objectweb/asm/ByteVector; @ 100
Event: 2515.766 Thread 0x000000002135f800 Uncommon trap: reason=unstable_if action=reinterpret pc=0x000000000390a1f4 method=org.objectweb.asm.ByteVector.putUTF8(Ljava/lang/String;)Lorg/objectweb/asm/ByteVector; @ 100
Event: 2516.124 Thread 0x00000000184a0800 Uncommon trap: reason=unstable_if action=reinterpret pc=0x00000000055b8428 method=com.android.tools.r8.t.a.a.f.a(II[C)Ljava/lang/String; @ 32
Event: 2516.158 Thread 0x00000000184a0800 Uncommon trap: reason=unstable_if action=reinterpret pc=0x0000000006bf6308 method=com.android.tools.r8.graph.DexString.<init>(Ljava/lang/String;)V @ 39
Event: 2516.631 Thread 0x0000000021361000 Uncommon trap: reason=unstable_if action=reinterpret pc=0x00000000078cb098 method=com.android.tools.r8.n.a.a.a.g.B0$e.contains(Ljava/lang/Object;)Z @ 124
Event: 2516.667 Thread 0x0000000021361000 Uncommon trap: reason=unstable_if action=reinterpret pc=0x0000000007daec94 method=com.android.tools.r8.ir.code.Value.q()Lcom/android/tools/r8/ir/code/Value; @ 4
Event: 2516.724 Thread 0x00000000184a0800 Uncommon trap: reason=class_check action=maybe_recompile pc=0x00000000074ea108 method=com.android.tools.r8.ir.conversion.U.a(Lcom/android/tools/r8/ir/conversion/T;)Z @ 4

Classes redefined (0 events):
No events

Internal exceptions (10 events):
Event: 2518.086 Thread 0x0000000021361000 Exception <a 'sun/nio/fs/WindowsException'> (0x00000000f7e8a378) thrown at [D:\src\AOSP-openjdk-cygwin\jdk8u\hotspot\src\share\vm\prims\jni.cpp, line 710]
Event: 2518.175 Thread 0x0000000021360000 Exception <a 'sun/nio/fs/WindowsException'> (0x00000000f99f6ae0) thrown at [D:\src\AOSP-openjdk-cygwin\jdk8u\hotspot\src\share\vm\prims\jni.cpp, line 710]
Event: 2518.535 Thread 0x0000000021360000 Exception <a 'sun/nio/fs/WindowsException'> (0x00000000e4424458) thrown at [D:\src\AOSP-openjdk-cygwin\jdk8u\hotspot\src\share\vm\prims\jni.cpp, line 710]
Event: 2518.667 Thread 0x0000000021361000 Exception <a 'sun/nio/fs/WindowsException'> (0x00000000e5f31fd0) thrown at [D:\src\AOSP-openjdk-cygwin\jdk8u\hotspot\src\share\vm\prims\jni.cpp, line 710]
Event: 2518.697 Thread 0x000000002135f800 Exception <a 'sun/nio/fs/WindowsException'> (0x00000000e68aafb0) thrown at [D:\src\AOSP-openjdk-cygwin\jdk8u\hotspot\src\share\vm\prims\jni.cpp, line 710]
Event: 2518.910 Thread 0x0000000021361000 Exception <a 'sun/nio/fs/WindowsException'> (0x00000000e90e4b50) thrown at [D:\src\AOSP-openjdk-cygwin\jdk8u\hotspot\src\share\vm\prims\jni.cpp, line 710]
Event: 2518.976 Thread 0x000000002135f800 Exception <a 'sun/nio/fs/WindowsException'> (0x00000000ea43c550) thrown at [D:\src\AOSP-openjdk-cygwin\jdk8u\hotspot\src\share\vm\prims\jni.cpp, line 710]
Event: 2519.326 Thread 0x0000000021360000 Exception <a 'sun/nio/fs/WindowsException'> (0x00000000f1d6d9b8) thrown at [D:\src\AOSP-openjdk-cygwin\jdk8u\hotspot\src\share\vm\prims\jni.cpp, line 710]
Event: 2519.724 Thread 0x0000000021361000 Exception <a 'sun/nio/fs/WindowsException'> (0x00000000f70b67d8) thrown at [D:\src\AOSP-openjdk-cygwin\jdk8u\hotspot\src\share\vm\prims\jni.cpp, line 710]
Event: 2519.861 Thread 0x000000002135f800 Exception <a 'sun/nio/fs/WindowsException'> (0x00000000fa453230) thrown at [D:\src\AOSP-openjdk-cygwin\jdk8u\hotspot\src\share\vm\prims\jni.cpp, line 710]

Events (10 events):
Event: 2520.095 Thread 0x000000002135f800 DEOPT PACKING pc=0x0000000007633b76 sp=0x000000002ccab440
Event: 2520.095 Thread 0x000000002135f800 DEOPT UNPACKING pc=0x00000000031275d0 sp=0x000000002ccab380 mode 0
Event: 2520.100 Thread 0x000000002135f800 DEOPT PACKING pc=0x0000000007a9844a sp=0x000000002ccab390
Event: 2520.100 Thread 0x000000002135f800 DEOPT UNPACKING pc=0x00000000031275d0 sp=0x000000002ccab2b0 mode 0
Event: 2520.120 Thread 0x00000000184a0800 DEOPT PACKING pc=0x0000000007dfc5b0 sp=0x000000002bea8260
Event: 2520.120 Thread 0x00000000184a0800 DEOPT UNPACKING pc=0x00000000031275d0 sp=0x000000002bea8118 mode 0
Event: 2520.132 Thread 0x0000000021360000 DEOPT PACKING pc=0x000000000753cbee sp=0x000000002cdaaf30
Event: 2520.132 Thread 0x0000000021360000 DEOPT UNPACKING pc=0x00000000031275d0 sp=0x000000002cdaae58 mode 0
Event: 2520.137 Thread 0x0000000021360000 DEOPT PACKING pc=0x000000000741c80d sp=0x000000002cdaadb0
Event: 2520.137 Thread 0x0000000021360000 DEOPT UNPACKING pc=0x00000000031275d0 sp=0x000000002cdaabd8 mode 0


Dynamic libraries:
0x00007ff72c2b0000 - 0x00007ff72c2e1000 	C:\Program Files\Android\Android Studio\jre\bin\java.exe
0x00007fff08ec0000 - 0x00007fff090a1000 	C:\WINDOWS\SYSTEM32\ntdll.dll
0x00007fff06ef0000 - 0x00007fff06fa1000 	C:\WINDOWS\System32\KERNEL32.DLL
0x00007fff060d0000 - 0x00007fff06343000 	C:\WINDOWS\System32\KERNELBASE.dll
0x00007fff08db0000 - 0x00007fff08e51000 	C:\WINDOWS\System32\ADVAPI32.dll
0x00007fff06350000 - 0x00007fff063ee000 	C:\WINDOWS\System32\msvcrt.dll
0x00007fff064e0000 - 0x00007fff0653b000 	C:\WINDOWS\System32\sechost.dll
0x00007fff073d0000 - 0x00007fff074f4000 	C:\WINDOWS\System32\RPCRT4.dll
0x00007fff08c10000 - 0x00007fff08da0000 	C:\WINDOWS\System32\USER32.dll
0x00007fff060b0000 - 0x00007fff060d0000 	C:\WINDOWS\System32\win32u.dll
0x00007fff06a10000 - 0x00007fff06a38000 	C:\WINDOWS\System32\GDI32.dll
0x00007fff052f0000 - 0x00007fff05481000 	C:\WINDOWS\System32\gdi32full.dll
0x00007fff05590000 - 0x00007fff0562f000 	C:\WINDOWS\System32\msvcp_win.dll
0x00007fff05490000 - 0x00007fff05588000 	C:\WINDOWS\System32\ucrtbase.dll
0x00007ffeef840000 - 0x00007ffeefaa9000 	C:\WINDOWS\WinSxS\amd64_microsoft.windows.common-controls_6595b64144ccf1df_6.0.17134.885_none_fb42a3473065565f\COMCTL32.dll
0x00007fff06550000 - 0x00007fff06872000 	C:\WINDOWS\System32\combase.dll
0x00007fff05630000 - 0x00007fff056a9000 	C:\WINDOWS\System32\bcryptPrimitives.dll
0x00007fff07300000 - 0x00007fff0732d000 	C:\WINDOWS\System32\IMM32.DLL
0x000000005cf00000 - 0x000000005cfd2000 	C:\Program Files\Android\Android Studio\jre\jre\bin\msvcr100.dll
0x000000005d4a0000 - 0x000000005dce6000 	C:\Program Files\Android\Android Studio\jre\jre\bin\server\jvm.dll
0x00007fff08da0000 - 0x00007fff08da8000 	C:\WINDOWS\System32\PSAPI.DLL
0x00007ffeefe80000 - 0x00007ffeefe89000 	C:\WINDOWS\SYSTEM32\WSOCK32.dll
0x00007fff03330000 - 0x00007fff0333a000 	C:\WINDOWS\SYSTEM32\VERSION.dll
0x00007fff07110000 - 0x00007fff0717c000 	C:\WINDOWS\System32\WS2_32.dll
0x00007fff006c0000 - 0x00007fff006e3000 	C:\WINDOWS\SYSTEM32\WINMM.dll
0x00007fff00690000 - 0x00007fff006ba000 	C:\WINDOWS\SYSTEM32\winmmbase.dll
0x00007fff05fb0000 - 0x00007fff05ff9000 	C:\WINDOWS\System32\cfgmgr32.dll
0x00007ffee18f0000 - 0x00007ffee18ff000 	C:\Program Files\Android\Android Studio\jre\jre\bin\verify.dll
0x00007ffedf5c0000 - 0x00007ffedf5e9000 	C:\Program Files\Android\Android Studio\jre\jre\bin\java.dll
0x00007ffee1870000 - 0x00007ffee1886000 	C:\Program Files\Android\Android Studio\jre\jre\bin\zip.dll
0x00007fff07720000 - 0x00007fff08b60000 	C:\WINDOWS\System32\SHELL32.dll
0x00007fff08b60000 - 0x00007fff08c09000 	C:\WINDOWS\System32\shcore.dll
0x00007fff056b0000 - 0x00007fff05dbd000 	C:\WINDOWS\System32\windows.storage.dll
0x00007fff06e90000 - 0x00007fff06ee1000 	C:\WINDOWS\System32\shlwapi.dll
0x00007fff05250000 - 0x00007fff05261000 	C:\WINDOWS\System32\kernel.appcore.dll
0x00007fff05270000 - 0x00007fff0528f000 	C:\WINDOWS\System32\profapi.dll
0x00007fff05200000 - 0x00007fff0524c000 	C:\WINDOWS\System32\powrprof.dll
0x00007fff051d0000 - 0x00007fff051da000 	C:\WINDOWS\System32\FLTLIB.DLL
0x00007ffee0030000 - 0x00007ffee004a000 	C:\Program Files\Android\Android Studio\jre\jre\bin\net.dll
0x00007fff04a50000 - 0x00007fff04ab6000 	C:\WINDOWS\system32\mswsock.dll
0x00007ffedfb80000 - 0x00007ffedfb91000 	C:\Program Files\Android\Android Studio\jre\jre\bin\nio.dll
0x00007fff00870000 - 0x00007fff00896000 	C:\Users\Christian Tsoungui\.gradle\wrapper\dists\gradle-5.6.2\native\29\windows-amd64\native-platform.dll
0x00007ffee18e0000 - 0x00007ffee18ed000 	C:\Program Files\Android\Android Studio\jre\jre\bin\management.dll
0x00007fff04c00000 - 0x00007fff04c17000 	C:\WINDOWS\SYSTEM32\CRYPTSP.dll
0x00007fff04640000 - 0x00007fff04673000 	C:\WINDOWS\system32\rsaenh.dll
0x00007fff04d30000 - 0x00007fff04d55000 	C:\WINDOWS\SYSTEM32\bcrypt.dll
0x00007fff05100000 - 0x00007fff05128000 	C:\WINDOWS\SYSTEM32\USERENV.dll
0x00007fff04c20000 - 0x00007fff04c2b000 	C:\WINDOWS\SYSTEM32\CRYPTBASE.dll
0x00007fff047e0000 - 0x00007fff04818000 	C:\WINDOWS\SYSTEM32\IPHLPAPI.DLL
0x00007fff08e60000 - 0x00007fff08e68000 	C:\WINDOWS\System32\NSI.dll
0x00007ffef97d0000 - 0x00007ffef97e6000 	C:\WINDOWS\SYSTEM32\dhcpcsvc6.DLL
0x00007ffefb9a0000 - 0x00007ffefb9ba000 	C:\WINDOWS\SYSTEM32\dhcpcsvc.DLL
0x00007ffeb4940000 - 0x00007ffeb4964000 	C:\Program Files\Android\Android Studio\jre\jre\bin\sunec.dll
0x00007fff04820000 - 0x00007fff048de000 	C:\WINDOWS\SYSTEM32\DNSAPI.dll
0x00007ffef0a10000 - 0x00007ffef0a1a000 	C:\Windows\System32\rasadhlp.dll
0x00007ffef43f0000 - 0x00007ffef4462000 	C:\WINDOWS\System32\fwpuclnt.dll
0x00007fff003d0000 - 0x00007fff003db000 	C:\Program Files\Android\Android Studio\jre\jre\bin\sunmscapi.dll
0x00007fff05dc0000 - 0x00007fff05fa2000 	C:\WINDOWS\System32\CRYPT32.dll
0x00007fff051e0000 - 0x00007fff051f2000 	C:\WINDOWS\System32\MSASN1.dll
0x00007ffebe260000 - 0x00007ffebe3fc000 	C:\Program Files\Android\Android Studio\jre\jre\bin\awt.dll
0x00007fff068e0000 - 0x00007fff069a2000 	C:\WINDOWS\System32\OLEAUT32.dll
0x00007fff035f0000 - 0x00007fff03619000 	C:\WINDOWS\SYSTEM32\dwmapi.dll
0x00007fff01c90000 - 0x00007fff02257000 	C:\WINDOWS\SYSTEM32\d2d1.dll
0x00007fff02940000 - 0x00007fff029cb000 	C:\WINDOWS\SYSTEM32\apphelp.dll
0x00007fff02a20000 - 0x00007fff02ab8000 	C:\WINDOWS\system32\uxtheme.dll

VM Arguments:
jvm_args: -Xmx1536m -Dfile.encoding=windows-1252 -Duser.country=US -Duser.language=en -Duser.variant 
java_command: org.gradle.launcher.daemon.bootstrap.GradleDaemon 5.4.1
java_class_path (initial): C:\Users\Christian Tsoungui\.gradle\wrapper\dists\gradle-5.6.2\wrapper\dists\gradle-5.4.1-all\3221gyojl5jsh0helicew7rwx\gradle-5.4.1\lib\gradle-launcher-5.4.1.jar
Launcher Type: SUN_STANDARD

Environment Variables:
PATH=C:\Program Files\Haskell\bin;C:\Haskell\lib\extralibs\bin;C:\Haskell\bin;C:\Program Files\Haskell Platform\8.6.3\lib\extralibs\bin;C:\Program Files\Haskell Platform\8.6.3\bin;C:\Program Files\AdoptOpenJDK\jdk-11.0.2+9\bin;C:\Program Files\AdoptOpenJDK\jdk8u202-b08\bin;C:\Program Files (x86)\Common Files\Oracle\Java\javapath;C:\Program Files (x86)\Intel\Intel(R) Management Engine Components\iCLS\;C:\Program Files\Intel\Intel(R) Management Engine Components\iCLS\;C:\WINDOWS\system32;C:\WINDOWS;C:\WINDOWS\System32\Wbem;C:\WINDOWS\System32\WindowsPowerShell\v1.0\;C:\Program Files (x86)\Intel\Intel(R) Management Engine Components\DAL;C:\Program Files\Intel\Intel(R) Management Engine Components\DAL;C:\Program Files (x86)\Intel\Intel(R) Management Engine Components\IPT;C:\Program Files\Intel\Intel(R) Management Engine Components\IPT;C:\Program Files\Microsoft VS Code\bin;C:\WINDOWS\System32\OpenSSH\;C:\ProgramData\chocolatey\bin;C:\Program Files\nodejs\;C:\Program Files\Haskell Platform\8.6.3\mingw\bin;C:\Haskell\mingw\bin;C:\Program Files (x86)\Yarn\bin\;C:\Gradle\gradle-5.6.2\bin;C:\Program Files\Git\cmd;C:\Ruby26-x64\bin;C:\Users\Christian Tsoungui\AppData\Roaming\cabal\bin;C:\Users\Christian Tsoungui\AppData\Local\Microsoft\WindowsApps;C:\Users\Christian Tsoungui\AppData\Roaming\npm;C:\Users\Christian Tsoungui\AppData\Local\Yarn\bin
USERNAME=Christian Tsoungui
OS=Windows_NT
PROCESSOR_IDENTIFIER=Intel64 Family 6 Model 142 Stepping 10, GenuineIntel



---------------  S Y S T E M  ---------------

OS: Windows 10.0 , 64 bit Build 17134 (10.0.17134.753)

CPU:total 4 (initial active 4) (2 cores per cpu, 2 threads per core) family 6 model 142 stepping 10, cmov, cx8, fxsr, mmx, sse, sse2, sse3, ssse3, sse4.1, sse4.2, popcnt, avx, avx2, aes, clmul, erms, 3dnowpref, lzcnt, ht, tsc, tscinvbit, bmi1, bmi2, adx

Memory: 4k page, physical 8301668k(80336k free), swap 23769312k(7108k free)

vm_info: OpenJDK 64-Bit Server VM (25.202-b03) for windows-amd64 JRE (1.8.0_202-release-1483-b03), built by "builder" with MS VC++ 10.0 (VS2010)

time: Fri Nov 15 13:51:18 2019
timezone: Eastern Standard Time
elapsed time: 2520 seconds (0d 0h 42m 0s)

